<?xml version="1.0" encoding="UTF-8"?>
<!-- Generated by org.testng.reporters.JUnitReportReporter -->
<testsuite hostname="DESKTOP-UA4GN7G" failures="0" tests="1" name="testCasePackage.LoginTestPage" time="16.099" errors="0" timestamp="2025-07-11T00:34:22 IST" skipped="0">
  <testcase classname="testCasePackage.LoginTestPage" name="validCredentials" time="16.099"/>
</testsuite> <!-- testCasePackage.LoginTestPage -->
