<?xml version="1.0" encoding="UTF-8"?>
<!-- Generated by org.testng.reporters.JUnitReportReporter -->
<testsuite hostname="DESKTOP-UA4GN7G" failures="0" tests="1" name="testCasePackage.TestCase7_ProductDetailsVerification_Price_Review_Description" time="40.066" errors="0" timestamp="2025-07-14T15:09:35 IST" skipped="0">
  <testcase classname="testCasePackage.TestCase7_ProductDetailsVerification_Price_Review_Description" name="productDetailsVerification_Price_Review_Description" time="40.066"/>
</testsuite> <!-- testCasePackage.TestCase7_ProductDetailsVerification_Price_Review_Description -->
