<?xml version="1.0" encoding="UTF-8"?>
<!-- Generated by org.testng.reporters.JUnitReportReporter -->
<testsuite hostname="DESKTOP-UA4GN7G" failures="0" tests="1" name="testCasePackage.TestCase8_ProductSort_Relevance_Price_Rating" time="46.671" errors="0" timestamp="2025-07-14T15:09:35 IST" skipped="0">
  <testcase classname="testCasePackage.TestCase8_ProductSort_Relevance_Price_Rating" name="productSort_Relevance_Price_Rating" time="46.671"/>
</testsuite> <!-- testCasePackage.TestCase8_ProductSort_Relevance_Price_Rating -->
