<?xml version="1.0" encoding="UTF-8"?>
<!-- Generated by org.testng.reporters.JUnitReportReporter -->
<testsuite hostname="DESKTOP-UA4GN7G" failures="0" tests="1" name="testCasePackage.TestCase13_ApplyCouponCode" time="130.363" errors="0" timestamp="2025-07-14T15:09:35 IST" skipped="0">
  <testcase classname="testCasePackage.TestCase13_ApplyCouponCode" name="ApplyCouponCode" time="130.363"/>
</testsuite> <!-- testCasePackage.TestCase13_ApplyCouponCode -->
