<?xml version="1.0" encoding="UTF-8"?>
<!-- Generated by org.testng.reporters.JUnitReportReporter -->
<testsuite hostname="DESKTOP-UA4GN7G" failures="0" tests="1" name="testCasePackage.TestCase4_EditProfileInformation" time="57.216" errors="0" timestamp="2025-07-14T15:09:35 IST" skipped="0">
  <testcase classname="testCasePackage.TestCase4_EditProfileInformation" name="editProfileInformation" time="57.216"/>
</testsuite> <!-- testCasePackage.TestCase4_EditProfileInformation -->
