<?xml version="1.0" encoding="UTF-8"?>
<!-- Generated by org.testng.reporters.JUnitReportReporter -->
<testsuite hostname="DESKTOP-UA4GN7G" failures="0" tests="1" name="testCasePackage.TestCase15_WithoutLogin_AddToCart" time="53.483" errors="0" timestamp="2025-07-14T15:09:35 IST" skipped="0">
  <testcase classname="testCasePackage.TestCase15_WithoutLogin_AddToCart" name="withoutLogin_AddToCart" time="53.483"/>
</testsuite> <!-- testCasePackage.TestCase15_WithoutLogin_AddToCart -->
