<?xml version="1.0" encoding="UTF-8"?>
<!-- Generated by org.testng.reporters.JUnitReportReporter -->
<testsuite hostname="DESKTOP-UA4GN7G" failures="0" tests="1" name="testCasePackage.TestCase1_AmazonRegistartion" time="26.691" errors="0" timestamp="2025-07-14T15:59:44 IST" skipped="0">
  <testcase classname="testCasePackage.TestCase1_AmazonRegistartion" name="amazonRegistration" time="26.691"/>
</testsuite> <!-- testCasePackage.TestCase1_AmazonRegistartion -->
