<?xml version="1.0" encoding="UTF-8"?>
<!-- Generated by org.testng.reporters.JUnitReportReporter -->
<testsuite hostname="DESKTOP-UA4GN7G" failures="0" tests="1" name="testCasePackage.TestCase10_UpadateQuantity_RemoveFromCart" time="30.529" errors="0" timestamp="2025-07-14T15:20:29 IST" skipped="0">
  <testcase classname="testCasePackage.TestCase10_UpadateQuantity_RemoveFromCart" name="upadateQuantity_RemoveFromCart" time="30.529"/>
</testsuite> <!-- testCasePackage.TestCase10_UpadateQuantity_RemoveFromCart -->
